<?xml version="1.0" encoding="UTF-8"?>
<!-- Generated by org.testng.reporters.JUnitXMLReporter -->
<testsuite ignored="0" hostname="IN-FVFGW7NUQ05D.local" failures="1" tests="2" name="Test1" time="57.849" errors="0" timestamp="2023-08-06T19:40:37 IST">
  <testcase classname="com.flipkart.automation.tests.SortProductTest" name="sortProductTest" time="2.065"/>
  <testcase classname="com.flipkart.automation.tests.SortProductTest" name="sortProductTest" time="44.504">
    <failure type="java.lang.AssertionError" message="expected [true] but found [false]">
      <![CDATA[java.lang.AssertionError: expected [true] but found [false]
at com.flipkart.automation.pages.ProductListPage.validateProductPriceSorting(ProductListPage.java:109)
at com.flipkart.automation.tests.SortProductTest.sortProductTest(SortProductTest.java:50)
at java.base/java.util.ArrayList.forEach(ArrayList.java:1511)
at java.base/java.util.concurrent.FutureTask.run(FutureTask.java:264)
at java.base/java.util.concurrent.ThreadPoolExecutor.runWorker(ThreadPoolExecutor.java:1136)
at java.base/java.util.concurrent.ThreadPoolExecutor$Worker.run(ThreadPoolExecutor.java:635)
at java.base/java.lang.Thread.run(Thread.java:833)
... Removed 21 stack frames]]>
    </failure>
  </testcase> <!-- sortProductTest -->
</testsuite> <!-- Test1 -->
