<?xml version="1.0" encoding="UTF-8"?>
<testng-results ignored="0" total="2" passed="1" failed="1" skipped="0">
  <reporter-output>
  </reporter-output>
  <suite started-at="2023-08-06T19:39:38 IST" name="Flipkart Automation Suite" finished-at="2023-08-06T19:40:36 IST" duration-ms="57849">
    <groups>
    </groups>
    <test started-at="2023-08-06T19:39:38 IST" name="Test1" finished-at="2023-08-06T19:40:36 IST" duration-ms="57849">
      <class name="com.flipkart.automation.tests.SortProductTest">
        <test-method is-config="true" signature="launchApplication()[pri:0, instance:com.flipkart.automation.tests.SortProductTest@2935fd2c]" started-at="2023-08-06T19:39:39 IST" name="launchApplication" finished-at="2023-08-06T19:39:44 IST" duration-ms="5115" status="PASS">
          <reporter-output>
          </reporter-output>
        </test-method> <!-- launchApplication -->
        <test-method signature="sortProductTest(java.lang.String)[pri:0, instance:com.flipkart.automation.tests.SortProductTest@2935fd2c]" started-at="2023-08-06T19:39:44 IST" name="sortProductTest" data-provider="excelData" finished-at="2023-08-06T19:39:46 IST" duration-ms="2065" status="PASS">
          <params>
            <param index="0">
              <value>
                <![CDATA[Mobile Phone]]>
              </value>
            </param>
          </params>
          <reporter-output>
          </reporter-output>
        </test-method> <!-- sortProductTest -->
        <test-method is-config="true" signature="launchApplication()[pri:0, instance:com.flipkart.automation.tests.SortProductTest@2935fd2c]" started-at="2023-08-06T19:39:46 IST" name="launchApplication" finished-at="2023-08-06T19:39:50 IST" duration-ms="3762" status="PASS">
          <reporter-output>
          </reporter-output>
        </test-method> <!-- launchApplication -->
        <test-method signature="sortProductTest(java.lang.String)[pri:0, instance:com.flipkart.automation.tests.SortProductTest@2935fd2c]" started-at="2023-08-06T19:39:50 IST" name="sortProductTest" data-provider="excelData" finished-at="2023-08-06T19:40:34 IST" duration-ms="44504" status="FAIL">
          <params>
            <param index="0">
              <value>
                <![CDATA[Smart TV]]>
              </value>
            </param>
          </params>
          <exception class="java.lang.AssertionError">
            <message>
              <![CDATA[expected [true] but found [false]]]>
            </message>
            <full-stacktrace>
              <![CDATA[java.lang.AssertionError: expected [true] but found [false]
at org.testng.Assert.fail(Assert.java:111)
at org.testng.Assert.failNotEquals(Assert.java:1578)
at org.testng.Assert.assertTrue(Assert.java:57)
at org.testng.Assert.assertTrue(Assert.java:67)
at com.flipkart.automation.pages.ProductListPage.validateProductPriceSorting(ProductListPage.java:109)
at com.flipkart.automation.tests.SortProductTest.sortProductTest(SortProductTest.java:50)
at java.base/jdk.internal.reflect.NativeMethodAccessorImpl.invoke0(Native Method)
at java.base/jdk.internal.reflect.NativeMethodAccessorImpl.invoke(NativeMethodAccessorImpl.java:77)
at java.base/jdk.internal.reflect.DelegatingMethodAccessorImpl.invoke(DelegatingMethodAccessorImpl.java:43)
at java.base/java.lang.reflect.Method.invoke(Method.java:568)
at org.testng.internal.invokers.MethodInvocationHelper.invokeMethod(MethodInvocationHelper.java:139)
at org.testng.internal.invokers.TestInvoker.invokeMethod(TestInvoker.java:664)
at org.testng.internal.invokers.TestInvoker.invokeTestMethod(TestInvoker.java:227)
at org.testng.internal.invokers.MethodRunner.runInSequence(MethodRunner.java:50)
at org.testng.internal.invokers.TestInvoker$MethodInvocationAgent.invoke(TestInvoker.java:957)
at org.testng.internal.invokers.TestInvoker.invokeTestMethods(TestInvoker.java:200)
at org.testng.internal.invokers.TestMethodWorker.invokeTestMethods(TestMethodWorker.java:148)
at org.testng.internal.invokers.TestMethodWorker.run(TestMethodWorker.java:128)
at java.base/java.util.ArrayList.forEach(ArrayList.java:1511)
at org.testng.TestRunner.privateRun(TestRunner.java:848)
at org.testng.TestRunner.run(TestRunner.java:621)
at org.testng.SuiteRunner.runTest(SuiteRunner.java:443)
at org.testng.SuiteRunner$SuiteWorker.run(SuiteRunner.java:481)
at org.testng.internal.thread.ThreadUtil.lambda$execute$0(ThreadUtil.java:58)
at java.base/java.util.concurrent.FutureTask.run(FutureTask.java:264)
at java.base/java.util.concurrent.ThreadPoolExecutor.runWorker(ThreadPoolExecutor.java:1136)
at java.base/java.util.concurrent.ThreadPoolExecutor$Worker.run(ThreadPoolExecutor.java:635)
at java.base/java.lang.Thread.run(Thread.java:833)
]]>
            </full-stacktrace>
          </exception> <!-- java.lang.AssertionError -->
          <reporter-output>
          </reporter-output>
        </test-method> <!-- sortProductTest -->
        <test-method is-config="true" signature="closeBrowser()[pri:0, instance:com.flipkart.automation.tests.SortProductTest@2935fd2c]" started-at="2023-08-06T19:40:35 IST" name="closeBrowser" finished-at="2023-08-06T19:40:36 IST" duration-ms="1219" status="PASS">
          <reporter-output>
          </reporter-output>
        </test-method> <!-- closeBrowser -->
        <test-method is-config="true" signature="quitBrowser()[pri:0, instance:com.flipkart.automation.tests.SortProductTest@2935fd2c]" started-at="2023-08-06T19:40:37 IST" name="quitBrowser" finished-at="2023-08-06T19:40:37 IST" duration-ms="1" status="PASS">
          <reporter-output>
          </reporter-output>
        </test-method> <!-- quitBrowser -->
      </class> <!-- com.flipkart.automation.tests.SortProductTest -->
    </test> <!-- Test1 -->
  </suite> <!-- Flipkart Automation Suite -->
</testng-results>
